<?xml version="1.0" encoding="UTF-8" ?>
<testsuite failures="0" time="0.027" errors="0" skipped="0" tests="1" name="com.me.rest.YoPro.AppTest">
  <properties>
    <property name="java.runtime.name" value="Java(TM) SE Runtime Environment"/>
    <property name="sun.boot.library.path" value="/usr/java/jdk1.6.0_33/jre/lib/i386"/>
    <property name="java.vm.version" value="20.8-b03"/>
    <property name="java.vm.vendor" value="Sun Microsystems Inc."/>
    <property name="java.vendor.url" value="http://java.sun.com/"/>
    <property name="path.separator" value=":"/>
    <property name="java.vm.name" value="Java HotSpot(TM) Server VM"/>
    <property name="file.encoding.pkg" value="sun.io"/>
    <property name="user.country" value="GB"/>
    <property name="sun.java.launcher" value="SUN_STANDARD"/>
    <property name="sun.os.patch.level" value="unknown"/>
    <property name="java.vm.specification.name" value="Java Virtual Machine Specification"/>
    <property name="user.dir" value="/home/vikas.jain/workspace_extra/YoPro"/>
    <property name="java.runtime.version" value="1.6.0_33-b04"/>
    <property name="java.awt.graphicsenv" value="sun.awt.X11GraphicsEnvironment"/>
    <property name="basedir" value="/home/vikas.jain/workspace_extra/YoPro"/>
    <property name="java.endorsed.dirs" value="/usr/java/jdk1.6.0_33/jre/lib/endorsed"/>
    <property name="os.arch" value="i386"/>
    <property name="surefire.real.class.path" value="/tmp/surefirebooter2365601114380069593.jar"/>
    <property name="java.io.tmpdir" value="/tmp"/>
    <property name="line.separator" value="
"/>
    <property name="java.vm.specification.vendor" value="Sun Microsystems Inc."/>
    <property name="os.name" value="Linux"/>
    <property name="sun.jnu.encoding" value="UTF-8"/>
    <property name="java.library.path" value="/usr/java/jdk1.6.0_33/jre/lib/i386/server:/usr/java/jdk1.6.0_33/jre/lib/i386:/usr/java/jdk1.6.0_33/jre/../lib/i386:/usr/java/packages/lib/i386:/lib:/usr/lib"/>
    <property name="surefire.test.class.path" value="/home/vikas.jain/workspace_extra/YoPro/target/test-classes:/home/vikas.jain/workspace_extra/YoPro/target/classes:/home/vikas.jain/.m2/repository/junit/junit/3.8.1/junit-3.8.1.jar:"/>
    <property name="java.specification.name" value="Java Platform API Specification"/>
    <property name="java.class.version" value="50.0"/>
    <property name="sun.management.compiler" value="HotSpot Tiered Compilers"/>
    <property name="os.version" value="2.6.32-71.el6.i686"/>
    <property name="user.home" value="/home/vikas.jain"/>
    <property name="user.timezone" value=""/>
    <property name="java.awt.printerjob" value="sun.print.PSPrinterJob"/>
    <property name="file.encoding" value="UTF-8"/>
    <property name="java.specification.version" value="1.6"/>
    <property name="user.name" value="vikas.jain"/>
    <property name="java.class.path" value="/home/vikas.jain/workspace_extra/YoPro/target/test-classes:/home/vikas.jain/workspace_extra/YoPro/target/classes:/home/vikas.jain/.m2/repository/junit/junit/3.8.1/junit-3.8.1.jar:"/>
    <property name="java.vm.specification.version" value="1.0"/>
    <property name="sun.arch.data.model" value="32"/>
    <property name="java.home" value="/usr/java/jdk1.6.0_33/jre"/>
    <property name="sun.java.command" value="/tmp/surefirebooter2365601114380069593.jar /tmp/surefire868744613134617866tmp /tmp/surefire6701969214658335292tmp"/>
    <property name="java.specification.vendor" value="Sun Microsystems Inc."/>
    <property name="user.language" value="en"/>
    <property name="java.vm.info" value="mixed mode"/>
    <property name="java.version" value="1.6.0_33"/>
    <property name="java.ext.dirs" value="/usr/java/jdk1.6.0_33/jre/lib/ext:/usr/java/packages/lib/ext"/>
    <property name="sun.boot.class.path" value="/usr/java/jdk1.6.0_33/jre/lib/resources.jar:/usr/java/jdk1.6.0_33/jre/lib/rt.jar:/usr/java/jdk1.6.0_33/jre/lib/sunrsasign.jar:/usr/java/jdk1.6.0_33/jre/lib/jsse.jar:/usr/java/jdk1.6.0_33/jre/lib/jce.jar:/usr/java/jdk1.6.0_33/jre/lib/charsets.jar:/usr/java/jdk1.6.0_33/jre/lib/modules/jdk.boot.jar:/usr/java/jdk1.6.0_33/jre/classes"/>
    <property name="java.vendor" value="Sun Microsystems Inc."/>
    <property name="localRepository" value="/home/vikas.jain/.m2/repository"/>
    <property name="file.separator" value="/"/>
    <property name="java.vendor.url.bug" value="http://java.sun.com/cgi-bin/bugreport.cgi"/>
    <property name="sun.cpu.endian" value="little"/>
    <property name="sun.io.unicode.encoding" value="UnicodeLittle"/>
    <property name="sun.desktop" value="gnome"/>
    <property name="sun.cpu.isalist" value=""/>
  </properties>
  <testcase time="0.014" classname="com.me.rest.YoPro.AppTest" name="testApp"/>
</testsuite>